[12/5/2026, 1:31:25 pm] --- START PAST ACTIVITY FOR "testing group" ---
[12/5/2026, 1:31:25 pm] (PAST) +91 92945 12259: [GP2] testing group
[12/5/2026, 1:31:25 pm] (PAST) +91 92945 12259: [GP2] (No content)
[12/5/2026, 1:31:25 pm] (PAST) +91 92945 12259: this is for testing
[12/5/2026, 1:31:25 pm] (PAST) +91 92945 12259: new testing msg
[12/5/2026, 1:31:25 pm] (PAST) shubham: Hello every one
[12/5/2026, 1:31:25 pm] (PAST) shubham: i am john cena
[12/5/2026, 1:31:25 pm] (PAST) shubham: i am professional boxer
[12/5/2026, 1:31:25 pm] (PAST) shubham: [GP2] (No content)
[12/5/2026, 1:31:25 pm] (PAST) +91 92945 12259: [GP2] (No content)
[12/5/2026, 1:31:25 pm] (PAST) testing group: [GP2] (No content)
[12/5/2026, 1:31:25 pm] (PAST) Nishta: [GP2] (No content)
[12/5/2026, 1:31:25 pm] (PAST) +91 92945 12259: testing msg
[12/5/2026, 1:31:25 pm] --- END PAST ACTIVITY ---
[12/5/2026, 1:31:25 pm] System: Bot is online and monitoring "testing group"
[12/5/2026, 2:45:01 pm] --- START PAST ACTIVITY FOR "testing group" ---
[12/5/2026, 2:45:01 pm] (PAST) +91 92945 12259: [GP2] testing group
[12/5/2026, 2:45:01 pm] (PAST) +91 92945 12259: [GP2] (No content)
[12/5/2026, 2:45:01 pm] (PAST) +91 92945 12259: this is for testing
[12/5/2026, 2:45:01 pm] (PAST) +91 92945 12259: new testing msg
[12/5/2026, 2:45:01 pm] (PAST) shubham: Hello every one
[12/5/2026, 2:45:01 pm] (PAST) shubham: i am john cena
[12/5/2026, 2:45:01 pm] (PAST) shubham: i am professional boxer
[12/5/2026, 2:45:01 pm] (PAST) shubham: [GP2] (No content)
[12/5/2026, 2:45:01 pm] (PAST) +91 92945 12259: [GP2] (No content)
[12/5/2026, 2:45:01 pm] (PAST) testing group: [GP2] (No content)
[12/5/2026, 2:45:01 pm] (PAST) Nishta: [GP2] (No content)
[12/5/2026, 2:45:01 pm] (PAST) +91 92945 12259: testing msg
[12/5/2026, 2:45:01 pm] --- END PAST ACTIVITY ---
[12/5/2026, 2:45:01 pm] System: Bot is online and monitoring "testing group"
[12/5/2026, 2:45:34 pm] Join: Nishta joined the group
[12/5/2026, 2:45:55 pm] Message from Nishta: 1
[12/5/2026, 2:46:31 pm] Leave: Nishta left the group
[12/5/2026, 2:52:33 pm] --- START PAST ACTIVITY FOR "testing group" ---
[12/5/2026, 2:52:33 pm] (PAST) +91 92945 12259: [GP2] testing group
[12/5/2026, 2:52:33 pm] (PAST) +91 92945 12259: [GP2] (No content)
[12/5/2026, 2:52:33 pm] (PAST) +91 92945 12259: this is for testing
[12/5/2026, 2:52:33 pm] (PAST) +91 92945 12259: new testing msg
[12/5/2026, 2:52:33 pm] (PAST) shubham: Hello every one
[12/5/2026, 2:52:33 pm] (PAST) shubham: i am john cena
[12/5/2026, 2:52:33 pm] (PAST) shubham: i am professional boxer
[12/5/2026, 2:52:33 pm] (PAST) shubham: [GP2] (No content)
[12/5/2026, 2:52:33 pm] (PAST) +91 92945 12259: [GP2] (No content)
[12/5/2026, 2:52:33 pm] (PAST) testing group: [GP2] (No content)
[12/5/2026, 2:52:33 pm] (PAST) Nishta: [GP2] (No content)
[12/5/2026, 2:52:33 pm] (PAST) +91 92945 12259: testing msg
[12/5/2026, 2:52:33 pm] (PAST) testing group: [GP2] (No content)
[12/5/2026, 2:52:33 pm] (PAST) +91 92945 12259: Welcome! Please select your preferred language:

1️⃣ English (अंग्रेजी में जारी रखने के लिए "2" टाइप करें)

Reply with: 1 for English

@919406148613
[12/5/2026, 2:52:33 pm] (PAST) Nishta: 1
[12/5/2026, 2:52:33 pm] (PAST) Nishta: [GP2] (No content)
[12/5/2026, 2:52:33 pm] --- END PAST ACTIVITY ---
[12/5/2026, 2:52:33 pm] System: Bot is online and monitoring "testing group"
[12/5/2026, 2:53:06 pm] Join: Nishta joined the group
[12/5/2026, 2:53:18 pm] Message from Nishta: 1
[12/5/2026, 2:53:42 pm] Leave: Nishta left the group
[12/5/2026, 2:54:03 pm] Leave: shubham left the group
[12/5/2026, 3:46:37 pm] Message from Hello My Group: 
[12/5/2026, 3:46:37 pm] Update: Group settings changed (create)
[12/5/2026, 3:48:51 pm] Join: 919406148613 joined the group
[12/5/2026, 3:49:15 pm] Update: Group settings changed (announce)
[12/5/2026, 3:49:16 pm] Update: Group settings changed (announce)
[12/5/2026, 3:49:19 pm] Update: Group settings changed (announce)
[12/5/2026, 3:49:20 pm] Update: Group settings changed (member_add_mode)
[12/5/2026, 3:49:35 pm] Message from Nishta: 1
[12/5/2026, 3:52:56 pm] --- START PAST ACTIVITY FOR "Hello My Group" ---
[12/5/2026, 3:52:56 pm] (PAST) Hello My Group: [E2E_NOTIFICATION] (No content)
[12/5/2026, 3:52:56 pm] (PAST) S: [GP2] Hello My Group
[12/5/2026, 3:52:56 pm] (PAST) Hello My Group: [GP2] (No content)
[12/5/2026, 3:52:56 pm] (PAST) S: Welcome! Please select your preferred language:

1️⃣ English (अंग्रेजी में जारी रखने के लिए "2" टाइप करें)

Reply with: 1 for English

@919406148613
[12/5/2026, 3:52:56 pm] (PAST) S: [GP2] off
[12/5/2026, 3:52:56 pm] (PAST) S: [GP2] on
[12/5/2026, 3:52:56 pm] (PAST) S: [GP2] off
[12/5/2026, 3:52:56 pm] (PAST) S: [GP2] (No content)
[12/5/2026, 3:52:56 pm] (PAST) Nishta: 1
[12/5/2026, 3:52:56 pm] (PAST) Nishta: [GP2] (No content)
[12/5/2026, 3:52:56 pm] --- END PAST ACTIVITY ---
[12/5/2026, 3:52:56 pm] System: Bot is online and monitoring "Hello My Group"
[12/5/2026, 3:53:03 pm] Join: Nishta joined the group
[12/5/2026, 3:53:13 pm] Message from Nishta: 1
[12/5/2026, 3:53:48 pm] Message from Nishta: Aur kuch
[12/5/2026, 4:06:29 pm] --- START PAST ACTIVITY FOR "Hello My Group" ---
[12/5/2026, 4:06:29 pm] (PAST) Hello My Group: [E2E_NOTIFICATION] (No content)
[12/5/2026, 4:06:29 pm] (PAST) S: [GP2] Hello My Group
[12/5/2026, 4:06:29 pm] (PAST) Hello My Group: [GP2] (No content)
[12/5/2026, 4:06:29 pm] (PAST) S: [GP2] off
[12/5/2026, 4:06:29 pm] (PAST) S: [GP2] on
[12/5/2026, 4:06:29 pm] (PAST) S: [GP2] off
[12/5/2026, 4:06:29 pm] (PAST) S: [GP2] (No content)
[12/5/2026, 4:06:29 pm] (PAST) Nishta: [GP2] (No content)
[12/5/2026, 4:06:29 pm] (PAST) Hello My Group: [GP2] (No content)
[12/5/2026, 4:06:29 pm] (PAST) Nishta: [GP2] (No content)
[12/5/2026, 4:06:29 pm] --- END PAST ACTIVITY ---
[12/5/2026, 4:06:29 pm] System: Bot is online and monitoring "Hello My Group"
[12/5/2026, 4:06:49 pm] Join: Nishta joined the group
[12/5/2026, 4:06:57 pm] Message from Nishta: 1
[12/5/2026, 4:10:23 pm] Leave: Nishta left the group
[12/5/2026, 4:10:31 pm] Join: Nishta joined the group
[12/5/2026, 4:10:39 pm] Message from Nishta: 1
[12/5/2026, 4:11:38 pm] --- START PAST ACTIVITY FOR "Hello My Group" ---
[12/5/2026, 4:11:38 pm] (PAST) Hello My Group: [E2E_NOTIFICATION] (No content)
[12/5/2026, 4:11:38 pm] (PAST) S: [GP2] Hello My Group
[12/5/2026, 4:11:38 pm] (PAST) Hello My Group: [GP2] (No content)
[12/5/2026, 4:11:38 pm] (PAST) S: [GP2] off
[12/5/2026, 4:11:38 pm] (PAST) S: [GP2] on
[12/5/2026, 4:11:38 pm] (PAST) S: [GP2] off
[12/5/2026, 4:11:38 pm] (PAST) S: [GP2] (No content)
[12/5/2026, 4:11:38 pm] (PAST) Nishta: [GP2] (No content)
[12/5/2026, 4:11:38 pm] (PAST) Hello My Group: [GP2] (No content)
[12/5/2026, 4:11:38 pm] (PAST) Nishta: [GP2] (No content)
[12/5/2026, 4:11:38 pm] (PAST) Hello My Group: [GP2] (No content)
[12/5/2026, 4:11:38 pm] (PAST) S: Welcome! Please select your preferred language:

1️⃣ English (अंग्रेजी में जारी रखने के लिए "2" टाइप करें)

Reply with: 1 for English

@919406148613
[12/5/2026, 4:11:38 pm] (PAST) Nishta: 1
[12/5/2026, 4:11:38 pm] (PAST) Nishta: [GP2] (No content)
[12/5/2026, 4:11:38 pm] (PAST) Hello My Group: [GP2] (No content)
[12/5/2026, 4:11:38 pm] (PAST) S: Welcome! Please select your preferred language:

1️⃣ English (अंग्रेजी में जारी रखने के लिए "2" टाइप करें)

Reply with: 1 for English

@919406148613
[12/5/2026, 4:11:38 pm] (PAST) Nishta: 1
[12/5/2026, 4:11:38 pm] (PAST) Nishta: [GP2] (No content)
[12/5/2026, 4:11:38 pm] --- END PAST ACTIVITY ---
[12/5/2026, 4:11:38 pm] System: Bot is online and monitoring "Hello My Group"
[12/5/2026, 4:11:44 pm] Join: Nishta joined the group
[12/5/2026, 4:11:55 pm] Message from Nishta: 1
[12/5/2026, 4:13:20 pm] Leave: Nishta left the group
[12/5/2026, 4:14:05 pm] --- START PAST ACTIVITY FOR "Hello My Group" ---
[12/5/2026, 4:14:05 pm] (PAST) Hello My Group: [E2E_NOTIFICATION] (No content)
[12/5/2026, 4:14:05 pm] (PAST) S: [GP2] Hello My Group
[12/5/2026, 4:14:05 pm] (PAST) Hello My Group: [GP2] (No content)
[12/5/2026, 4:14:05 pm] (PAST) S: [GP2] off
[12/5/2026, 4:14:05 pm] (PAST) S: [GP2] on
[12/5/2026, 4:14:05 pm] (PAST) S: [GP2] off
[12/5/2026, 4:14:05 pm] (PAST) S: [GP2] (No content)
[12/5/2026, 4:14:05 pm] (PAST) Nishta: [GP2] (No content)
[12/5/2026, 4:14:05 pm] (PAST) Hello My Group: [GP2] (No content)
[12/5/2026, 4:14:05 pm] (PAST) Nishta: [GP2] (No content)
[12/5/2026, 4:14:05 pm] (PAST) Hello My Group: [GP2] (No content)
[12/5/2026, 4:14:05 pm] (PAST) S: Welcome! Please select your preferred language:

1️⃣ English (अंग्रेजी में जारी रखने के लिए "2" टाइप करें)

Reply with: 1 for English

@919406148613
[12/5/2026, 4:14:05 pm] (PAST) Nishta: 1
[12/5/2026, 4:14:05 pm] (PAST) Nishta: [GP2] (No content)
[12/5/2026, 4:14:05 pm] (PAST) Hello My Group: [GP2] (No content)
[12/5/2026, 4:14:05 pm] (PAST) S: Welcome! Please select your preferred language:

1️⃣ English (अंग्रेजी में जारी रखने के लिए "2" टाइप करें)

Reply with: 1 for English

@919406148613
[12/5/2026, 4:14:05 pm] (PAST) Nishta: 1
[12/5/2026, 4:14:05 pm] (PAST) Nishta: [GP2] (No content)
[12/5/2026, 4:14:05 pm] (PAST) Hello My Group: [GP2] (No content)
[12/5/2026, 4:14:05 pm] (PAST) S: Welcome! Please select your preferred language / स्वागत है! कृपया अपनी पसंदीदा भाषा चुनें:

1️⃣ English के लिए "1" टाइप करें
2️⃣ Hindi के लिए "2" टाइप करें

Reply with: 1 or 2

@919406148613
[12/5/2026, 4:14:05 pm] (PAST) Nishta: 1
[12/5/2026, 4:14:05 pm] (PAST) Nishta: [GP2] (No content)
[12/5/2026, 4:14:05 pm] --- END PAST ACTIVITY ---
[12/5/2026, 4:14:05 pm] System: Bot is online and monitoring "Hello My Group"
[12/5/2026, 4:14:15 pm] Join: Nishta joined the group
[12/5/2026, 4:14:23 pm] Message from Nishta: 1
[12/5/2026, 4:14:24 pm] Nishta selected language: en
[12/5/2026, 4:14:35 pm] Message from Nishta: Shubham
[12/5/2026, 4:15:01 pm] Message from Nishta: +917470449162
[12/5/2026, 4:15:14 pm] Message from Nishta: Child
[12/5/2026, 4:15:15 pm] User registered: Shubham (Child)
[12/5/2026, 4:17:06 pm] Leave: Nishta left the group
[12/5/2026, 4:17:31 pm] Join: 919294512259 joined the group
[12/5/2026, 4:17:37 pm] Message from Shreyansh Awadhiya: 2
[12/5/2026, 4:17:37 pm] Shreyansh Awadhiya selected language: hi
[12/5/2026, 4:17:48 pm] Message from Shreyansh Awadhiya: shreyansh Awadhiya
[12/5/2026, 4:17:58 pm] Message from Shreyansh Awadhiya: 9294512259
[12/5/2026, 4:18:05 pm] Message from Shreyansh Awadhiya: child
[12/5/2026, 4:18:06 pm] User registered: shreyansh Awadhiya (child)
[12/5/2026, 4:51:47 pm] Join: Nishta joined the group
[12/5/2026, 4:51:54 pm] Message from Nishta: 1
[12/5/2026, 4:51:55 pm] Nishta selected language: en
[12/5/2026, 4:51:59 pm] Message from Nishta: Shubham
[12/5/2026, 4:52:08 pm] Message from Nishta: 7470449162
[12/5/2026, 4:52:14 pm] Message from Nishta: Child
[12/5/2026, 4:52:14 pm] User registered: Shubham (Child)
[12/5/2026, 4:58:39 pm] --- START PAST ACTIVITY FOR "Hello My Group" ---
[12/5/2026, 4:58:39 pm] (PAST) Nishta: [GP2] (No content)
[12/5/2026, 4:58:39 pm] (PAST) Hello My Group: [GP2] (No content)
[12/5/2026, 4:58:39 pm] (PAST) Nishta: [GP2] (No content)
[12/5/2026, 4:58:39 pm] (PAST) S: Welcome! Please select your preferred language:

1️⃣ English (अंग्रेजी में जारी रखने के लिए "2" टाइप करें)

Reply with: 1 for English

@919406148613
[12/5/2026, 4:58:39 pm] (PAST) Hello My Group: [GP2] (No content)
[12/5/2026, 4:58:39 pm] (PAST) Nishta: 1
[12/5/2026, 4:58:39 pm] (PAST) Nishta: [GP2] (No content)
[12/5/2026, 4:58:39 pm] (PAST) S: Welcome! Please select your preferred language:

1️⃣ English (अंग्रेजी में जारी रखने के लिए "2" टाइप करें)

Reply with: 1 for English

@919406148613
[12/5/2026, 4:58:39 pm] (PAST) Hello My Group: [GP2] (No content)
[12/5/2026, 4:58:39 pm] (PAST) Nishta: 1
[12/5/2026, 4:58:39 pm] (PAST) Nishta: [GP2] (No content)
[12/5/2026, 4:58:39 pm] (PAST) S: Welcome! Please select your preferred language / स्वागत है! कृपया अपनी पसंदीदा भाषा चुनें:

1️⃣ English के लिए "1" टाइप करें
2️⃣ Hindi के लिए "2" टाइप करें

Reply with: 1 or 2

@919406148613
[12/5/2026, 4:58:39 pm] (PAST) Hello My Group: [GP2] (No content)
[12/5/2026, 4:58:39 pm] (PAST) Nishta: 1
[12/5/2026, 4:58:39 pm] (PAST) Nishta: [GP2] (No content)
[12/5/2026, 4:58:39 pm] (PAST) S: Welcome! Please select your preferred language / स्वागत है! कृपया अपनी पसंदीदा भाषा चुनें:

1️⃣ English के लिए "1" टाइप करें
2️⃣ Hindi के लिए "2" टाइप करें

Reply with: 1 or 2

@919406148613
[12/5/2026, 4:58:39 pm] (PAST) Hello My Group: [GP2] (No content)
[12/5/2026, 4:58:39 pm] (PAST) S: Language set to English ✓
[12/5/2026, 4:58:39 pm] (PAST) Nishta: 1
[12/5/2026, 4:58:39 pm] (PAST) S: Please enter your full name:
[12/5/2026, 4:58:39 pm] (PAST) S: Please enter your phone number (with country code, e.g., +919876543210):
[12/5/2026, 4:58:39 pm] (PAST) Nishta: Shubham
[12/5/2026, 4:58:39 pm] (PAST) S: What is your role in the family? (e.g., Parent, Child, Grandparent):
[12/5/2026, 4:58:39 pm] (PAST) Nishta: +917470449162
[12/5/2026, 4:58:39 pm] (PAST) S: Registration complete! ✓

Name: Shubham
Phone: +917470449162
Role: Child
[12/5/2026, 4:58:39 pm] (PAST) Nishta: Child
[12/5/2026, 4:58:39 pm] (PAST) Nishta: [GP2] (No content)
[12/5/2026, 4:58:39 pm] (PAST) S: Welcome! Please select your preferred language / स्वागत है! कृपया अपनी पसंदीदा भाषा चुनें:

1️⃣ English के लिए "1" टाइप करें
2️⃣ Hindi के लिए "2" टाइप करें

Reply with: 1 or 2

@919294512259
[12/5/2026, 4:58:39 pm] (PAST) Hello My Group: [GP2] (No content)
[12/5/2026, 4:58:39 pm] (PAST) S: भाषा हिंदी में सेट की गई है ✓
[12/5/2026, 4:58:39 pm] (PAST) S: कृपया अपना पूरा नाम दर्ज करें:
[12/5/2026, 4:58:39 pm] (PAST) Shreyansh Awadhiya: 2
[12/5/2026, 4:58:39 pm] (PAST) S: कृपया अपना फोन नंबर दर्ज करें (देश कोड के साथ, जैसे +919876543210):
[12/5/2026, 4:58:39 pm] (PAST) Shreyansh Awadhiya: shreyansh Awadhiya
[12/5/2026, 4:58:39 pm] (PAST) S: परिवार में आपकी भूमिका क्या है? (जैसे माता-पिता, बच्चा, दादा-दादी):
[12/5/2026, 4:58:39 pm] (PAST) Shreyansh Awadhiya: 9294512259
[12/5/2026, 4:58:39 pm] (PAST) S: पंजीकरण पूर्ण! ✓

नाम: shreyansh Awadhiya
फोन: 9294512259
भूमिका: child
[12/5/2026, 4:58:39 pm] (PAST) Shreyansh Awadhiya: child
[12/5/2026, 4:58:39 pm] (PAST) S: Welcome! Please select your preferred language / स्वागत है! कृपया अपनी पसंदीदा भाषा चुनें:

1️⃣ English के लिए "1" टाइप करें
2️⃣ Hindi के लिए "2" टाइप करें

Reply with: 1 or 2

@919406148613
[12/5/2026, 4:58:39 pm] (PAST) Hello My Group: [GP2] (No content)
[12/5/2026, 4:58:39 pm] (PAST) S: Language set to English ✓
[12/5/2026, 4:58:39 pm] (PAST) Nishta: 1
[12/5/2026, 4:58:39 pm] (PAST) S: Please enter your full name:
[12/5/2026, 4:58:39 pm] (PAST) S: Please enter your phone number (with country code, e.g., +919876543210):
[12/5/2026, 4:58:39 pm] (PAST) Nishta: Shubham
[12/5/2026, 4:58:39 pm] (PAST) S: What is your role in the family? (e.g., Parent, Child, Grandparent):
[12/5/2026, 4:58:39 pm] (PAST) Nishta: 7470449162
[12/5/2026, 4:58:39 pm] (PAST) S: Registration complete! ✓

Name: Shubham
Phone: 7470449162
Role: Child
[12/5/2026, 4:58:39 pm] (PAST) Nishta: Child
[12/5/2026, 4:58:39 pm] (PAST) Nishta: [GP2] (No content)
[12/5/2026, 4:58:39 pm] --- END PAST ACTIVITY ---
[12/5/2026, 4:58:39 pm] System: Bot is online and monitoring "Hello My Group"
[12/5/2026, 4:58:55 pm] Join: Nishta joined the group
[12/5/2026, 4:59:03 pm] Message from Nishta: 1
[12/5/2026, 4:59:04 pm] Nishta selected language: en
[12/5/2026, 4:59:09 pm] Message from Nishta: Shubham
[12/5/2026, 4:59:17 pm] Message from Nishta: 123456789
[12/5/2026, 4:59:28 pm] Message from Nishta: 123498761234
[12/5/2026, 4:59:34 pm] Message from Nishta: 1
[12/5/2026, 4:59:35 pm] Nishta selected language: en
[12/5/2026, 5:08:08 pm] --- START PAST ACTIVITY FOR "Hello My Group" ---
[12/5/2026, 5:08:08 pm] (PAST) S: Welcome! Please select your preferred language / स्वागत है! कृपया अपनी पसंदीदा भाषा चुनें:

1️⃣ English के लिए "1" टाइप करें
2️⃣ Hindi के लिए "2" टाइप करें

Reply with: 1 or 2

@919406148613
[12/5/2026, 5:08:08 pm] (PAST) Hello My Group: [GP2] (No content)
[12/5/2026, 5:08:08 pm] (PAST) S: Language set to English ✓
[12/5/2026, 5:08:08 pm] (PAST) Nishta: 1
[12/5/2026, 5:08:08 pm] (PAST) S: Please enter your full name:
[12/5/2026, 5:08:08 pm] (PAST) S: Please enter your phone number (with country code, e.g., +919876543210):
[12/5/2026, 5:08:08 pm] (PAST) Nishta: Shubham
[12/5/2026, 5:08:08 pm] (PAST) S: What is your role in the family? (e.g., Parent, Child, Grandparent):
[12/5/2026, 5:08:08 pm] (PAST) Nishta: +917470449162
[12/5/2026, 5:08:08 pm] (PAST) S: Registration complete! ✓

Name: Shubham
Phone: +917470449162
Role: Child
[12/5/2026, 5:08:08 pm] (PAST) Nishta: Child
[12/5/2026, 5:08:08 pm] (PAST) Nishta: [GP2] (No content)
[12/5/2026, 5:08:08 pm] (PAST) S: Welcome! Please select your preferred language / स्वागत है! कृपया अपनी पसंदीदा भाषा चुनें:

1️⃣ English के लिए "1" टाइप करें
2️⃣ Hindi के लिए "2" टाइप करें

Reply with: 1 or 2

@919294512259
[12/5/2026, 5:08:08 pm] (PAST) Hello My Group: [GP2] (No content)
[12/5/2026, 5:08:08 pm] (PAST) S: भाषा हिंदी में सेट की गई है ✓
[12/5/2026, 5:08:08 pm] (PAST) S: कृपया अपना पूरा नाम दर्ज करें:
[12/5/2026, 5:08:08 pm] (PAST) Shreyansh Awadhiya: 2
[12/5/2026, 5:08:08 pm] (PAST) S: कृपया अपना फोन नंबर दर्ज करें (देश कोड के साथ, जैसे +919876543210):
[12/5/2026, 5:08:08 pm] (PAST) Shreyansh Awadhiya: shreyansh Awadhiya
[12/5/2026, 5:08:08 pm] (PAST) S: परिवार में आपकी भूमिका क्या है? (जैसे माता-पिता, बच्चा, दादा-दादी):
[12/5/2026, 5:08:08 pm] (PAST) Shreyansh Awadhiya: 9294512259
[12/5/2026, 5:08:08 pm] (PAST) S: पंजीकरण पूर्ण! ✓

नाम: shreyansh Awadhiya
फोन: 9294512259
भूमिका: child
[12/5/2026, 5:08:08 pm] (PAST) Shreyansh Awadhiya: child
[12/5/2026, 5:08:08 pm] (PAST) S: Welcome! Please select your preferred language / स्वागत है! कृपया अपनी पसंदीदा भाषा चुनें:

1️⃣ English के लिए "1" टाइप करें
2️⃣ Hindi के लिए "2" टाइप करें

Reply with: 1 or 2

@919406148613
[12/5/2026, 5:08:08 pm] (PAST) Hello My Group: [GP2] (No content)
[12/5/2026, 5:08:08 pm] (PAST) S: Language set to English ✓
[12/5/2026, 5:08:08 pm] (PAST) Nishta: 1
[12/5/2026, 5:08:08 pm] (PAST) S: Please enter your full name:
[12/5/2026, 5:08:08 pm] (PAST) S: Please enter your phone number (with country code, e.g., +919876543210):
[12/5/2026, 5:08:08 pm] (PAST) Nishta: Shubham
[12/5/2026, 5:08:08 pm] (PAST) S: What is your role in the family? (e.g., Parent, Child, Grandparent):
[12/5/2026, 5:08:08 pm] (PAST) Nishta: 7470449162
[12/5/2026, 5:08:08 pm] (PAST) S: Registration complete! ✓

Name: Shubham
Phone: 7470449162
Role: Child
[12/5/2026, 5:08:08 pm] (PAST) Nishta: Child
[12/5/2026, 5:08:08 pm] (PAST) Nishta: [GP2] (No content)
[12/5/2026, 5:08:08 pm] (PAST) S: Welcome to Hindustaan Seva! / हिंदुस्तान सेवा में आपका स्वागत है!

Please select your preferred language / कृपया अपनी पसंदीदा भाषा चुनें:

1️⃣ English
2️⃣ Hindi

Reply with 1 or 2

@919406148613
[12/5/2026, 5:08:08 pm] (PAST) Hello My Group: [GP2] (No content)
[12/5/2026, 5:08:08 pm] (PAST) S: Language set to English ✓
[12/5/2026, 5:08:08 pm] (PAST) Nishta: 1
[12/5/2026, 5:08:08 pm] (PAST) S: Please enter your Full Name (as per Aadhaar):
कृपया अपना पूरा नाम दर्ज करें (आधार के अनुसार):
[12/5/2026, 5:08:08 pm] (PAST) S: Please enter your 12-digit Aadhaar Number:
कृपया अपना 12 अंकों का आधार नंबर दर्ज करें:
[12/5/2026, 5:08:08 pm] (PAST) Nishta: Shubham
[12/5/2026, 5:08:08 pm] (PAST) S: ⚠️ Invalid Aadhaar. Please enter exactly 12 digits:
⚠️ अमान्य आधार। कृपया ठीक 12 अंक दर्ज करें:
[12/5/2026, 5:08:08 pm] (PAST) Nishta: 123456789
[12/5/2026, 5:08:08 pm] (PAST) S: Please select your Trade Category:
कृपया अपनी ट्रेड श्रेणी चुनें:

1️⃣ Electrical (बिजली)
2️⃣ Plumbing (प्लंबिंग)
3️⃣ AC (एसी)

Reply with 1, 2 or 3
[12/5/2026, 5:08:08 pm] (PAST) Nishta: 123498761234
[12/5/2026, 5:08:08 pm] (PAST) S: Language set to English ✓
[12/5/2026, 5:08:08 pm] (PAST) S: Please enter your Full Name (as per Aadhaar):
कृपया अपना पूरा नाम दर्ज करें (आधार के अनुसार):
[12/5/2026, 5:08:08 pm] (PAST) Nishta: 1
[12/5/2026, 5:08:08 pm] (PAST) Nishta: [GP2] (No content)
[12/5/2026, 5:08:08 pm] --- END PAST ACTIVITY ---
[12/5/2026, 5:08:08 pm] System: Bot is online and monitoring "Hello My Group"
[12/5/2026, 5:08:37 pm] Join: Nishta joined the group
[12/5/2026, 5:08:50 pm] Message from Nishta: 1
[12/5/2026, 5:08:51 pm] Nishta selected language: en
[12/5/2026, 5:08:57 pm] Message from Nishta: Shubham
[12/5/2026, 5:09:05 pm] Message from Nishta: 123456789087
[12/5/2026, 5:11:42 pm] Join: Nishta joined the group
[12/5/2026, 5:11:49 pm] --- START PAST ACTIVITY FOR "Hello My Group" ---
[12/5/2026, 5:11:50 pm] (PAST) Hello My Group: [GP2] (No content)
[12/5/2026, 5:11:50 pm] (PAST) S: भाषा हिंदी में सेट की गई है ✓
[12/5/2026, 5:11:50 pm] (PAST) S: कृपया अपना पूरा नाम दर्ज करें:
[12/5/2026, 5:11:50 pm] (PAST) Shreyansh Awadhiya: 2
[12/5/2026, 5:11:50 pm] (PAST) S: कृपया अपना फोन नंबर दर्ज करें (देश कोड के साथ, जैसे +919876543210):
[12/5/2026, 5:11:50 pm] (PAST) Shreyansh Awadhiya: shreyansh Awadhiya
[12/5/2026, 5:11:50 pm] (PAST) S: परिवार में आपकी भूमिका क्या है? (जैसे माता-पिता, बच्चा, दादा-दादी):
[12/5/2026, 5:11:50 pm] (PAST) Shreyansh Awadhiya: 9294512259
[12/5/2026, 5:11:50 pm] (PAST) S: पंजीकरण पूर्ण! ✓

नाम: shreyansh Awadhiya
फोन: 9294512259
भूमिका: child
[12/5/2026, 5:11:50 pm] (PAST) Shreyansh Awadhiya: child
[12/5/2026, 5:11:50 pm] (PAST) S: Welcome! Please select your preferred language / स्वागत है! कृपया अपनी पसंदीदा भाषा चुनें:

1️⃣ English के लिए "1" टाइप करें
2️⃣ Hindi के लिए "2" टाइप करें

Reply with: 1 or 2

@919406148613
[12/5/2026, 5:11:50 pm] (PAST) Hello My Group: [GP2] (No content)
[12/5/2026, 5:11:50 pm] (PAST) S: Language set to English ✓
[12/5/2026, 5:11:50 pm] (PAST) Nishta: 1
[12/5/2026, 5:11:50 pm] (PAST) S: Please enter your full name:
[12/5/2026, 5:11:50 pm] (PAST) S: Please enter your phone number (with country code, e.g., +919876543210):
[12/5/2026, 5:11:50 pm] (PAST) Nishta: Shubham
[12/5/2026, 5:11:50 pm] (PAST) S: What is your role in the family? (e.g., Parent, Child, Grandparent):
[12/5/2026, 5:11:50 pm] (PAST) Nishta: 7470449162
[12/5/2026, 5:11:50 pm] (PAST) S: Registration complete! ✓

Name: Shubham
Phone: 7470449162
Role: Child
[12/5/2026, 5:11:50 pm] (PAST) Nishta: Child
[12/5/2026, 5:11:50 pm] (PAST) Nishta: [GP2] (No content)
[12/5/2026, 5:11:50 pm] (PAST) S: Welcome to Hindustaan Seva! / हिंदुस्तान सेवा में आपका स्वागत है!

Please select your preferred language / कृपया अपनी पसंदीदा भाषा चुनें:

1️⃣ English
2️⃣ Hindi

Reply with 1 or 2

@919406148613
[12/5/2026, 5:11:50 pm] (PAST) Hello My Group: [GP2] (No content)
[12/5/2026, 5:11:50 pm] (PAST) S: Language set to English ✓
[12/5/2026, 5:11:50 pm] (PAST) Nishta: 1
[12/5/2026, 5:11:50 pm] (PAST) S: Please enter your Full Name (as per Aadhaar):
कृपया अपना पूरा नाम दर्ज करें (आधार के अनुसार):
[12/5/2026, 5:11:50 pm] (PAST) S: Please enter your 12-digit Aadhaar Number:
कृपया अपना 12 अंकों का आधार नंबर दर्ज करें:
[12/5/2026, 5:11:50 pm] (PAST) Nishta: Shubham
[12/5/2026, 5:11:50 pm] (PAST) S: ⚠️ Invalid Aadhaar. Please enter exactly 12 digits:
⚠️ अमान्य आधार। कृपया ठीक 12 अंक दर्ज करें:
[12/5/2026, 5:11:50 pm] (PAST) Nishta: 123456789
[12/5/2026, 5:11:50 pm] (PAST) S: Please select your Trade Category:
कृपया अपनी ट्रेड श्रेणी चुनें:

1️⃣ Electrical (बिजली)
2️⃣ Plumbing (प्लंबिंग)
3️⃣ AC (एसी)

Reply with 1, 2 or 3
[12/5/2026, 5:11:50 pm] (PAST) Nishta: 123498761234
[12/5/2026, 5:11:50 pm] (PAST) S: Language set to English ✓
[12/5/2026, 5:11:50 pm] (PAST) S: Please enter your Full Name (as per Aadhaar):
कृपया अपना पूरा नाम दर्ज करें (आधार के अनुसार):
[12/5/2026, 5:11:50 pm] (PAST) Nishta: 1
[12/5/2026, 5:11:50 pm] (PAST) Nishta: [GP2] (No content)
[12/5/2026, 5:11:50 pm] (PAST) S: [LIST] Welcome to Hindustaan Seva! Please select your language / हिंदुस्तान सेवा में आपका स्वागत है! कृपया अपनी भाषा चुनें:
[12/5/2026, 5:11:50 pm] (PAST) S: Welcome / स्वागत है: @919406148613
[12/5/2026, 5:11:50 pm] (PAST) Hello My Group: [GP2] (No content)
[12/5/2026, 5:11:50 pm] (PAST) Nishta: 1
[12/5/2026, 5:11:50 pm] (PAST) S: Language set to English ✓
[12/5/2026, 5:11:50 pm] (PAST) S: Please enter your Full Name (as per Aadhaar):
कृपया अपना पूरा नाम दर्ज करें (आधार के अनुसार):
[12/5/2026, 5:11:50 pm] (PAST) S: Please enter your 12-digit Aadhaar Number:
कृपया अपना 12 अंकों का आधार नंबर दर्ज करें:
[12/5/2026, 5:11:50 pm] (PAST) Nishta: Shubham
[12/5/2026, 5:11:50 pm] (PAST) S: [LIST] Please select your Trade Category:
कृपया अपनी ट्रेड श्रेणी चुनें:

1️⃣ Electrical (बिजली)
2️⃣ Plumbing (प्लंबिंग)
3️⃣ AC (एसी)

Reply with 1, 2 or 3
[12/5/2026, 5:11:50 pm] Message from Nishta: 1
[12/5/2026, 5:11:50 pm] (PAST) Nishta: 123456789087
[12/5/2026, 5:11:50 pm] (PAST) Nishta: [GP2] (No content)
[12/5/2026, 5:11:50 pm] (PAST) Hello My Group: [GP2] (No content)
[12/5/2026, 5:11:50 pm] (PAST) S: Welcome to Hindustaan Seva! / हिंदुस्तान सेवा में आपका स्वागत है!

Please select your preferred language / कृपया अपनी पसंदीदा भाषा चुनें:

1️⃣ English
2️⃣ Hindi

Reply with 1 or 2

@919406148613
[12/5/2026, 5:11:50 pm] --- END PAST ACTIVITY ---
[12/5/2026, 5:11:50 pm] System: Bot is online and monitoring "Hello My Group"
[12/5/2026, 5:11:51 pm] Nishta selected language: en
[12/5/2026, 5:11:56 pm] Message from Nishta: Shubhaj
[12/5/2026, 5:12:05 pm] Message from Nishta: 567835793567
[12/5/2026, 5:14:21 pm] Leave: Nishta left the group
[12/5/2026, 5:14:22 pm] --- START PAST ACTIVITY FOR "Hello My Group" ---
[12/5/2026, 5:14:22 pm] (PAST) S: पंजीकरण पूर्ण! ✓

नाम: shreyansh Awadhiya
फोन: 9294512259
भूमिका: child
[12/5/2026, 5:14:22 pm] (PAST) Shreyansh Awadhiya: child
[12/5/2026, 5:14:22 pm] (PAST) S: Welcome! Please select your preferred language / स्वागत है! कृपया अपनी पसंदीदा भाषा चुनें:

1️⃣ English के लिए "1" टाइप करें
2️⃣ Hindi के लिए "2" टाइप करें

Reply with: 1 or 2

@919406148613
[12/5/2026, 5:14:22 pm] (PAST) Hello My Group: [GP2] (No content)
[12/5/2026, 5:14:22 pm] (PAST) S: Language set to English ✓
[12/5/2026, 5:14:22 pm] (PAST) Nishta: 1
[12/5/2026, 5:14:22 pm] (PAST) S: Please enter your full name:
[12/5/2026, 5:14:22 pm] (PAST) S: Please enter your phone number (with country code, e.g., +919876543210):
[12/5/2026, 5:14:22 pm] (PAST) Nishta: Shubham
[12/5/2026, 5:14:22 pm] (PAST) S: What is your role in the family? (e.g., Parent, Child, Grandparent):
[12/5/2026, 5:14:22 pm] (PAST) Nishta: 7470449162
[12/5/2026, 5:14:22 pm] (PAST) S: Registration complete! ✓

Name: Shubham
Phone: 7470449162
Role: Child
[12/5/2026, 5:14:22 pm] (PAST) Nishta: Child
[12/5/2026, 5:14:22 pm] (PAST) Nishta: [GP2] (No content)
[12/5/2026, 5:14:22 pm] (PAST) S: Welcome to Hindustaan Seva! / हिंदुस्तान सेवा में आपका स्वागत है!

Please select your preferred language / कृपया अपनी पसंदीदा भाषा चुनें:

1️⃣ English
2️⃣ Hindi

Reply with 1 or 2

@919406148613
[12/5/2026, 5:14:22 pm] (PAST) Hello My Group: [GP2] (No content)
[12/5/2026, 5:14:22 pm] (PAST) S: Language set to English ✓
[12/5/2026, 5:14:22 pm] (PAST) Nishta: 1
[12/5/2026, 5:14:22 pm] (PAST) S: Please enter your Full Name (as per Aadhaar):
कृपया अपना पूरा नाम दर्ज करें (आधार के अनुसार):
[12/5/2026, 5:14:22 pm] (PAST) S: Please enter your 12-digit Aadhaar Number:
कृपया अपना 12 अंकों का आधार नंबर दर्ज करें:
[12/5/2026, 5:14:22 pm] (PAST) Nishta: Shubham
[12/5/2026, 5:14:22 pm] (PAST) S: ⚠️ Invalid Aadhaar. Please enter exactly 12 digits:
⚠️ अमान्य आधार। कृपया ठीक 12 अंक दर्ज करें:
[12/5/2026, 5:14:22 pm] (PAST) Nishta: 123456789
[12/5/2026, 5:14:22 pm] (PAST) S: Please select your Trade Category:
कृपया अपनी ट्रेड श्रेणी चुनें:

1️⃣ Electrical (बिजली)
2️⃣ Plumbing (प्लंबिंग)
3️⃣ AC (एसी)

Reply with 1, 2 or 3
[12/5/2026, 5:14:22 pm] (PAST) Nishta: 123498761234
[12/5/2026, 5:14:22 pm] (PAST) S: Language set to English ✓
[12/5/2026, 5:14:22 pm] (PAST) S: Please enter your Full Name (as per Aadhaar):
कृपया अपना पूरा नाम दर्ज करें (आधार के अनुसार):
[12/5/2026, 5:14:22 pm] (PAST) Nishta: 1
[12/5/2026, 5:14:22 pm] (PAST) Nishta: [GP2] (No content)
[12/5/2026, 5:14:22 pm] (PAST) S: [LIST] Welcome to Hindustaan Seva! Please select your language / हिंदुस्तान सेवा में आपका स्वागत है! कृपया अपनी भाषा चुनें:
[12/5/2026, 5:14:22 pm] (PAST) S: Welcome / स्वागत है: @919406148613
[12/5/2026, 5:14:22 pm] (PAST) Hello My Group: [GP2] (No content)
[12/5/2026, 5:14:22 pm] (PAST) Nishta: 1
[12/5/2026, 5:14:22 pm] (PAST) S: Language set to English ✓
[12/5/2026, 5:14:22 pm] (PAST) S: Please enter your Full Name (as per Aadhaar):
कृपया अपना पूरा नाम दर्ज करें (आधार के अनुसार):
[12/5/2026, 5:14:22 pm] (PAST) S: Please enter your 12-digit Aadhaar Number:
कृपया अपना 12 अंकों का आधार नंबर दर्ज करें:
[12/5/2026, 5:14:22 pm] (PAST) Nishta: Shubham
[12/5/2026, 5:14:22 pm] (PAST) S: [LIST] Please select your Trade Category:
कृपया अपनी ट्रेड श्रेणी चुनें:

1️⃣ Electrical (बिजली)
2️⃣ Plumbing (प्लंबिंग)
3️⃣ AC (एसी)

Reply with 1, 2 or 3
[12/5/2026, 5:14:22 pm] (PAST) Nishta: 123456789087
[12/5/2026, 5:14:22 pm] (PAST) Nishta: [GP2] (No content)
[12/5/2026, 5:14:22 pm] (PAST) Hello My Group: [GP2] (No content)
[12/5/2026, 5:14:22 pm] (PAST) S: Welcome to Hindustaan Seva! / हिंदुस्तान सेवा में आपका स्वागत है!

Please select your preferred language / कृपया अपनी पसंदीदा भाषा चुनें:

1️⃣ English
2️⃣ Hindi

Reply with 1 or 2

@919406148613
[12/5/2026, 5:14:22 pm] (PAST) Nishta: 1
[12/5/2026, 5:14:22 pm] (PAST) S: Language set to English ✓
[12/5/2026, 5:14:22 pm] (PAST) S: Please enter your Full Name (as per Aadhaar):
कृपया अपना पूरा नाम दर्ज करें (आधार के अनुसार):
[12/5/2026, 5:14:22 pm] (PAST) S: Please enter your 12-digit Aadhaar Number:
कृपया अपना 12 अंकों का आधार नंबर दर्ज करें:
[12/5/2026, 5:14:22 pm] (PAST) Nishta: Shubhaj
[12/5/2026, 5:14:22 pm] (PAST) S: [LIST] Please select your trade category / अपनी ट्रेड श्रेणी चुनें:
[12/5/2026, 5:14:22 pm] (PAST) Nishta: 567835793567
[12/5/2026, 5:14:22 pm] (PAST) Nishta: [GP2] (No content)
[12/5/2026, 5:14:22 pm] --- END PAST ACTIVITY ---
[12/5/2026, 5:14:22 pm] System: Bot is online and monitoring "Hello My Group"
[12/5/2026, 5:14:30 pm] Join: Nishta joined the group
[12/5/2026, 5:14:46 pm] Message from Nishta: 1
[12/5/2026, 5:14:47 pm] Nishta selected language: en
[12/5/2026, 5:14:52 pm] Message from Nishta: Shubham
[12/5/2026, 5:15:02 pm] Message from Nishta: 234545674567
[12/5/2026, 5:15:07 pm] Message from Nishta: 1
[12/5/2026, 5:15:11 pm] Message from Nishta: 4
[12/5/2026, 5:15:36 pm] Message from Nishta: Mon-sat 9AM-6PM
[12/5/2026, 5:15:50 pm] Message from Nishta: 
[12/5/2026, 5:15:52 pm] New worker onboarding submission: Shubham (Electrical)
